[debug] [2019-07-01T17:56:59.617Z] ----------------------------------------------------------------------
[debug] [2019-07-01T17:56:59.618Z] Command:       D:\Program Files\nodejs\node.exe C:\Users\Emma\AppData\Roaming\npm\node_modules\firebase-tools\lib\bin\firebase.js serve
[debug] [2019-07-01T17:56:59.619Z] CLI Version:   7.0.2
[debug] [2019-07-01T17:56:59.619Z] Platform:      win32
[debug] [2019-07-01T17:56:59.619Z] Node Version:  v10.16.0
[debug] [2019-07-01T17:56:59.619Z] Time:          Mon Jul 01 2019 10:56:59 GMT-0700 (Pacific Daylight Time)
[debug] [2019-07-01T17:56:59.619Z] ----------------------------------------------------------------------
[debug] 
[debug] [2019-07-01T17:56:59.627Z] > command requires scopes: ["email","openid","https://www.googleapis.com/auth/cloudplatformprojects.readonly","https://www.googleapis.com/auth/firebase","https://www.googleapis.com/auth/cloud-platform"]
[debug] [2019-07-01T17:56:59.627Z] > authorizing via signed-in user
[debug] [2019-07-01T17:56:59.628Z] [iam] checking project plus0nefinalproject for permissions ["firebase.projects.get"]
[debug] [2019-07-01T17:56:59.629Z] >>> HTTP REQUEST POST https://cloudresourcemanager.googleapis.com/v1/projects/plus0nefinalproject:testIamPermissions  

[debug] [2019-07-01T17:56:59.845Z] <<< HTTP RESPONSE 200
[debug] [2019-07-01T17:56:59.851Z] >>> HTTP REQUEST GET https://cloudresourcemanager.googleapis.com/v1/projects/plus0nefinalproject  
 
[debug] [2019-07-01T17:57:00.312Z] <<< HTTP RESPONSE 200
[info] 
[info] === Serving from 'D:\Final Project\Plus0ne\plus0ne_hosting'...
[info] 
[debug] [2019-07-01T17:57:00.320Z] >>> HTTP REQUEST GET https://mobilesdk-pa.googleapis.com/v1/projects/570920679692/clients/_:getWebAppConfig  
 
[debug] [2019-07-01T17:57:00.540Z] <<< HTTP RESPONSE 200
[info] i  hosting: Serving hosting files from: public
[info] +  hosting: Local server: http://localhost:5000
